<?xml version="1.0" encoding="UTF-8"?><testsuite failures="0" name="cucumber.runtime.formatter.JUnitFormatter" skipped="0" tests="1" time="18.9542">
<testcase classname="Guest user functionality on Flights" name="Validate if the user can book OneWay Trip" time="18.9542">
<system-out><![CDATA[Given I am on login page of Flights.........................................passed
When I go to Rehlat Home page...............................................passed
When I go to select OneWay Radio button.....................................passed
]]></system-out>
</testcase>
</testsuite>
