<?xml version="1.0" encoding="UTF-8"?><testsuite failures="1" name="cucumber.runtime.formatter.JUnitFormatter" skipped="0" tests="1" time="230.548695">
<testcase classname="Guest user functionality on Flights" name="Validate if the user can book OneWay Trip" time="230.548695">
<failure message="org.openqa.selenium.WebDriverException: chrome not reachable&#10;  (Session info: chrome=68.0.3440.106)&#10;  (Driver info: chromedriver=2.40.565498 (ea082db3280dd6843ebfb08a625e3eb905c4f5ab),platform=Windows NT 10.0.17134 x86_64) (WARNING: The server did not provide any stacktrace information)&#10;Command duration or timeout: 0 milliseconds&#10;Build info: version: '3.12.0', revision: '7c6e0b3', time: '2018-05-08T14:04:26.12Z'&#10;System info: host: 'ROS-PC331', ip: '10.0.75.1', os.name: 'Windows 10', os.arch: 'amd64', os.version: '10.0', java.version: '1.8.0_144'&#10;Driver info: org.openqa.selenium.chrome.ChromeDriver&#10;Capabilities {acceptInsecureCerts: false, acceptSslCerts: false, applicationCacheEnabled: false, browserConnectionEnabled: false, browserName: chrome, chrome: {chromedriverVersion: 2.40.565498 (ea082db3280dd6..., userDataDir: C:\Users\Nagababu\AppData\L...}, cssSelectorsEnabled: true, databaseEnabled: false, handlesAlerts: true, hasTouchScreen: false, javascriptEnabled: true, locationContextEnabled: true, mobileEmulationEnabled: false, nativeEvents: true, networkConnectionEnabled: false, pageLoadStrategy: normal, platform: XP, platformName: XP, rotatable: false, setWindowRect: true, takesHeapSnapshot: true, takesScreenshot: true, unexpectedAlertBehaviour: , unhandledPromptBehavior: , version: 68.0.3440.106, webStorageEnabled: true}&#10;Session ID: 01cd1e44ccaeb3c770737387699d631b&#10;*** Element info: {Using=id, value=cardNumber_cc}&#13;&#10;&#9;at sun.reflect.NativeConstructorAccessorImpl.newInstance0(Native Method)&#13;&#10;&#9;at sun.reflect.NativeConstructorAccessorImpl.newInstance(Unknown Source)&#13;&#10;&#9;at sun.reflect.DelegatingConstructorAccessorImpl.newInstance(Unknown Source)&#13;&#10;&#9;at java.lang.reflect.Constructor.newInstance(Unknown Source)&#13;&#10;&#9;at org.openqa.selenium.remote.ErrorHandler.createThrowable(ErrorHandler.java:214)&#13;&#10;&#9;at org.openqa.selenium.remote.ErrorHandler.throwIfResponseFailed(ErrorHandler.java:166)&#13;&#10;&#9;at org.openqa.selenium.remote.http.JsonHttpResponseCodec.reconstructValue(JsonHttpResponseCodec.java:40)&#13;&#10;&#9;at org.openqa.selenium.remote.http.AbstractHttpResponseCodec.decode(AbstractHttpResponseCodec.java:80)&#13;&#10;&#9;at org.openqa.selenium.remote.http.AbstractHttpResponseCodec.decode(AbstractHttpResponseCodec.java:44)&#13;&#10;&#9;at org.openqa.selenium.remote.HttpCommandExecutor.execute(HttpCommandExecutor.java:158)&#13;&#10;&#9;at org.openqa.selenium.remote.service.DriverCommandExecutor.execute(DriverCommandExecutor.java:83)&#13;&#10;&#9;at org.openqa.selenium.remote.RemoteWebDriver.execute(RemoteWebDriver.java:543)&#13;&#10;&#9;at org.openqa.selenium.remote.RemoteWebDriver.findElement(RemoteWebDriver.java:317)&#13;&#10;&#9;at org.openqa.selenium.remote.RemoteWebDriver.findElementById(RemoteWebDriver.java:363)&#13;&#10;&#9;at org.openqa.selenium.By$ById.findElement(By.java:188)&#13;&#10;&#9;at org.openqa.selenium.remote.RemoteWebDriver.findElement(RemoteWebDriver.java:309)&#13;&#10;&#9;at org.openqa.selenium.support.pagefactory.DefaultElementLocator.findElement(DefaultElementLocator.java:69)&#13;&#10;&#9;at org.openqa.selenium.support.pagefactory.internal.LocatingElementHandler.invoke(LocatingElementHandler.java:38)&#13;&#10;&#9;at com.sun.proxy.$Proxy19.isDisplayed(Unknown Source)&#13;&#10;&#9;at org.openqa.selenium.support.ui.ExpectedConditions.elementIfVisible(ExpectedConditions.java:315)&#13;&#10;&#9;at org.openqa.selenium.support.ui.ExpectedConditions.access$100(ExpectedConditions.java:44)&#13;&#10;&#9;at org.openqa.selenium.support.ui.ExpectedConditions$10.apply(ExpectedConditions.java:301)&#13;&#10;&#9;at org.openqa.selenium.support.ui.ExpectedConditions$10.apply(ExpectedConditions.java:298)&#13;&#10;&#9;at org.openqa.selenium.support.ui.FluentWait.until(FluentWait.java:248)&#13;&#10;&#9;at cloud.rehlat.utils.PageUtils.waitForElementToLoad(PageUtils.java:169)&#13;&#10;&#9;at cloud.rehlat.utils.PageUtils.sendKeysAfterClearingElement(PageUtils.java:143)&#13;&#10;&#9;at cloud.rehlat.pages.PaymentCards.PaymentCardsPage.enterCreditCardDetails(PaymentCardsPage.java:133)&#13;&#10;&#9;at cloud.rehlat.pages.PaymentCards.PaymentCardsPage.selectCard(PaymentCardsPage.java:219)&#13;&#10;&#9;at cloud.rehlat.steps.PaymentCards.PaymentCardsSteps.i_can_enter_the_card_details(PaymentCardsSteps.java:36)&#13;&#10;&#9;at âœ½.And I can enter the card details(src/test/resources/features/flight/english/GuestUser.feature:34)&#13;&#10;"><![CDATA[Given I am on login page of Flights.........................................passed
When I go to Rehlat Home page...............................................passed
When I go to select OneWay Radio button.....................................passed
When I can enter From and To city names.....................................passed
When I can select date and traveller information............................passed
When I can verify text and select the filter................................passed
When I can verify price details in flightdetails Pop up page................passed
When I can verify add on check box..........................................passed
When I can enter email and coupon code and verify the show more details popUp.passed
When I can navigative to traveller Information page.........................passed
And I can enter Traveller details...........................................passed
And I can enter contact details and Click PaySecurel button.................passed
Then I can navigative to payment page.......................................passed
And I can enter the card details............................................failed

StackTrace:
org.openqa.selenium.WebDriverException: chrome not reachable
  (Session info: chrome=68.0.3440.106)
  (Driver info: chromedriver=2.40.565498 (ea082db3280dd6843ebfb08a625e3eb905c4f5ab),platform=Windows NT 10.0.17134 x86_64) (WARNING: The server did not provide any stacktrace information)
Command duration or timeout: 0 milliseconds
Build info: version: '3.12.0', revision: '7c6e0b3', time: '2018-05-08T14:04:26.12Z'
System info: host: 'ROS-PC331', ip: '10.0.75.1', os.name: 'Windows 10', os.arch: 'amd64', os.version: '10.0', java.version: '1.8.0_144'
Driver info: org.openqa.selenium.chrome.ChromeDriver
Capabilities {acceptInsecureCerts: false, acceptSslCerts: false, applicationCacheEnabled: false, browserConnectionEnabled: false, browserName: chrome, chrome: {chromedriverVersion: 2.40.565498 (ea082db3280dd6..., userDataDir: C:\Users\Nagababu\AppData\L...}, cssSelectorsEnabled: true, databaseEnabled: false, handlesAlerts: true, hasTouchScreen: false, javascriptEnabled: true, locationContextEnabled: true, mobileEmulationEnabled: false, nativeEvents: true, networkConnectionEnabled: false, pageLoadStrategy: normal, platform: XP, platformName: XP, rotatable: false, setWindowRect: true, takesHeapSnapshot: true, takesScreenshot: true, unexpectedAlertBehaviour: , unhandledPromptBehavior: , version: 68.0.3440.106, webStorageEnabled: true}
Session ID: 01cd1e44ccaeb3c770737387699d631b
*** Element info: {Using=id, value=cardNumber_cc}
	at sun.reflect.NativeConstructorAccessorImpl.newInstance0(Native Method)
	at sun.reflect.NativeConstructorAccessorImpl.newInstance(Unknown Source)
	at sun.reflect.DelegatingConstructorAccessorImpl.newInstance(Unknown Source)
	at java.lang.reflect.Constructor.newInstance(Unknown Source)
	at org.openqa.selenium.remote.ErrorHandler.createThrowable(ErrorHandler.java:214)
	at org.openqa.selenium.remote.ErrorHandler.throwIfResponseFailed(ErrorHandler.java:166)
	at org.openqa.selenium.remote.http.JsonHttpResponseCodec.reconstructValue(JsonHttpResponseCodec.java:40)
	at org.openqa.selenium.remote.http.AbstractHttpResponseCodec.decode(AbstractHttpResponseCodec.java:80)
	at org.openqa.selenium.remote.http.AbstractHttpResponseCodec.decode(AbstractHttpResponseCodec.java:44)
	at org.openqa.selenium.remote.HttpCommandExecutor.execute(HttpCommandExecutor.java:158)
	at org.openqa.selenium.remote.service.DriverCommandExecutor.execute(DriverCommandExecutor.java:83)
	at org.openqa.selenium.remote.RemoteWebDriver.execute(RemoteWebDriver.java:543)
	at org.openqa.selenium.remote.RemoteWebDriver.findElement(RemoteWebDriver.java:317)
	at org.openqa.selenium.remote.RemoteWebDriver.findElementById(RemoteWebDriver.java:363)
	at org.openqa.selenium.By$ById.findElement(By.java:188)
	at org.openqa.selenium.remote.RemoteWebDriver.findElement(RemoteWebDriver.java:309)
	at org.openqa.selenium.support.pagefactory.DefaultElementLocator.findElement(DefaultElementLocator.java:69)
	at org.openqa.selenium.support.pagefactory.internal.LocatingElementHandler.invoke(LocatingElementHandler.java:38)
	at com.sun.proxy.$Proxy19.isDisplayed(Unknown Source)
	at org.openqa.selenium.support.ui.ExpectedConditions.elementIfVisible(ExpectedConditions.java:315)
	at org.openqa.selenium.support.ui.ExpectedConditions.access$100(ExpectedConditions.java:44)
	at org.openqa.selenium.support.ui.ExpectedConditions$10.apply(ExpectedConditions.java:301)
	at org.openqa.selenium.support.ui.ExpectedConditions$10.apply(ExpectedConditions.java:298)
	at org.openqa.selenium.support.ui.FluentWait.until(FluentWait.java:248)
	at cloud.rehlat.utils.PageUtils.waitForElementToLoad(PageUtils.java:169)
	at cloud.rehlat.utils.PageUtils.sendKeysAfterClearingElement(PageUtils.java:143)
	at cloud.rehlat.pages.PaymentCards.PaymentCardsPage.enterCreditCardDetails(PaymentCardsPage.java:133)
	at cloud.rehlat.pages.PaymentCards.PaymentCardsPage.selectCard(PaymentCardsPage.java:219)
	at cloud.rehlat.steps.PaymentCards.PaymentCardsSteps.i_can_enter_the_card_details(PaymentCardsSteps.java:36)
	at âœ½.And I can enter the card details(src/test/resources/features/flight/english/GuestUser.feature:34)
]]></failure>
</testcase>
</testsuite>
