<?xml version="1.0" encoding="UTF-8"?><testsuite failures="0" name="cucumber.runtime.formatter.JUnitFormatter" skipped="0" tests="1" time="138.727791">
<testcase classname="Guest user functionality on Flights" name="Validate if the user can book OneWay Trip" time="138.727791">
<system-out><![CDATA[Given I am on login page of Flights.........................................passed
When I go to Rehlat Home page...............................................passed
When I go to select OneWay Radio button.....................................passed
When I can enter From and To city names.....................................passed
When I can select date and traveller information............................passed
When I can verify text and select the filter................................passed
When I can verify price details in flightdetails Pop up page................passed
When I can verify add on check box..........................................passed
When I can enter email and coupon code and verify the show more details popUp.passed
When I can navigative to traveller Information page.........................passed
And I can enter Traveller details...........................................passed
And I can enter contact details and Click PaySecurel button.................passed
]]></system-out>
</testcase>
</testsuite>
