<?xml version="1.0" encoding="UTF-8"?>
<!-- Generated by org.testng.reporters.JUnitReportReporter -->
<testsuite hostname="ROS-PC331" name="cloud.slack_notification.repricing_notification" tests="1" failures="0" timestamp="23 Oct 2018 10:48:33 GMT" time="0.141" errors="0">
  <testcase name="feature" time="0.141" classname="cloud.slack_notification.repricing_notification"/>
</testsuite> <!-- cloud.slack_notification.repricing_notification -->
