<?xml version="1.0" encoding="UTF-8"?>
<!-- Generated by org.testng.reporters.JUnitReportReporter -->
<testsuite hostname="ROS-PC331" name="cloud.rehlat.Runner2" tests="1" failures="0" timestamp="18 Jan 2019 12:19:20 GMT" time="212.144" errors="0">
  <testcase name="feature" time="212.144" classname="cloud.rehlat.Runner2"/>
</testsuite> <!-- cloud.rehlat.Runner2 -->
